nohup: ignoring input
[robosuite WARNING] No private macro file found! (macros.py:53)
[robosuite WARNING] It is recommended to use a private macro file (macros.py:54)
[robosuite WARNING] To setup, run: python /home/fri/FRIModelLoad/lib/python3.8/site-packages/robosuite/scripts/setup_macros.py (macros.py:55)
2024-10-30 16:34:39.409365: I tensorflow/core/util/port.cc:110] oneDNN custom operations are on. You may see slightly different numerical results due to floating-point round-off errors from different computation orders. To turn them off, set the environment variable `TF_ENABLE_ONEDNN_OPTS=0`.
2024-10-30 16:34:39.410401: I tensorflow/tsl/cuda/cudart_stub.cc:28] Could not find cuda drivers on your machine, GPU will not be used.
2024-10-30 16:34:39.429929: I tensorflow/core/platform/cpu_feature_guard.cc:182] This TensorFlow binary is optimized to use available CPU instructions in performance-critical operations.
To enable the following instructions: AVX2 AVX_VNNI FMA, in other operations, rebuild TensorFlow with the appropriate compiler flags.
2024-10-30 16:34:39.734509: W tensorflow/compiler/tf2tensorrt/utils/py_utils.cc:38] TF-TRT Warning: Could not find TensorRT
All imports work!
Stable_baselines3 Installed Successfully
Gym Installed Successfully
this is running Better_Train.py
[robosuite WARNING] No private macro file found! (macros.py:53)
[robosuite WARNING] It is recommended to use a private macro file (macros.py:54)
[robosuite WARNING] To setup, run: python /home/fri/FRIModelLoad/lib/python3.8/site-packages/robosuite/scripts/setup_macros.py (macros.py:55)
[robosuite WARNING] No private macro file found! (macros.py:53)
[robosuite WARNING] It is recommended to use a private macro file (macros.py:54)
[robosuite WARNING] To setup, run: python /home/fri/FRIModelLoad/lib/python3.8/site-packages/robosuite/scripts/setup_macros.py (macros.py:55)
[robosuite WARNING] No private macro file found! (macros.py:53)
[robosuite WARNING] It is recommended to use a private macro file (macros.py:54)
[robosuite WARNING] To setup, run: python /home/fri/FRIModelLoad/lib/python3.8/site-packages/robosuite/scripts/setup_macros.py (macros.py:55)
[robosuite WARNING] No private macro file found! (macros.py:53)
[robosuite WARNING] It is recommended to use a private macro file (macros.py:54)
[robosuite WARNING] To setup, run: python /home/fri/FRIModelLoad/lib/python3.8/site-packages/robosuite/scripts/setup_macros.py (macros.py:55)
[robosuite WARNING] No private macro file found! (macros.py:53)
[robosuite WARNING] It is recommended to use a private macro file (macros.py:54)
[robosuite WARNING] To setup, run: python /home/fri/FRIModelLoad/lib/python3.8/site-packages/robosuite/scripts/setup_macros.py (macros.py:55)
[robosuite WARNING] No private macro file found! (macros.py:53)
[robosuite WARNING] It is recommended to use a private macro file (macros.py:54)
[robosuite WARNING] To setup, run: python /home/fri/FRIModelLoad/lib/python3.8/site-packages/robosuite/scripts/setup_macros.py (macros.py:55)
[robosuite WARNING] No private macro file found! (macros.py:53)
[robosuite WARNING] It is recommended to use a private macro file (macros.py:54)
[robosuite WARNING] To setup, run: python /home/fri/FRIModelLoad/lib/python3.8/site-packages/robosuite/scripts/setup_macros.py (macros.py:55)
[robosuite WARNING] No private macro file found! (macros.py:53)
[robosuite WARNING] It is recommended to use a private macro file (macros.py:54)
[robosuite WARNING] To setup, run: python /home/fri/FRIModelLoad/lib/python3.8/site-packages/robosuite/scripts/setup_macros.py (macros.py:55)
[robosuite WARNING] No private macro file found! (macros.py:53)
[robosuite WARNING] It is recommended to use a private macro file (macros.py:54)
[robosuite WARNING] To setup, run: python /home/fri/FRIModelLoad/lib/python3.8/site-packages/robosuite/scripts/setup_macros.py (macros.py:55)
[robosuite WARNING] No private macro file found! (macros.py:53)
[robosuite WARNING] It is recommended to use a private macro file (macros.py:54)
[robosuite WARNING] To setup, run: python /home/fri/FRIModelLoad/lib/python3.8/site-packages/robosuite/scripts/setup_macros.py (macros.py:55)
[robosuite WARNING] No private macro file found! (macros.py:53)
[robosuite WARNING] It is recommended to use a private macro file (macros.py:54)
[robosuite WARNING] To setup, run: python /home/fri/FRIModelLoad/lib/python3.8/site-packages/robosuite/scripts/setup_macros.py (macros.py:55)
[robosuite WARNING] No private macro file found! (macros.py:53)
[robosuite WARNING] It is recommended to use a private macro file (macros.py:54)
[robosuite WARNING] To setup, run: python /home/fri/FRIModelLoad/lib/python3.8/site-packages/robosuite/scripts/setup_macros.py (macros.py:55)
[robosuite WARNING] No private macro file found! (macros.py:53)
[robosuite WARNING] It is recommended to use a private macro file (macros.py:54)
[robosuite WARNING] No private macro file found! (macros.py:53)
[robosuite WARNING] To setup, run: python /home/fri/FRIModelLoad/lib/python3.8/site-packages/robosuite/scripts/setup_macros.py (macros.py:55)
[robosuite WARNING] It is recommended to use a private macro file (macros.py:54)
[robosuite WARNING] To setup, run: python /home/fri/FRIModelLoad/lib/python3.8/site-packages/robosuite/scripts/setup_macros.py (macros.py:55)
[robosuite WARNING] No private macro file found! (macros.py:53)
[robosuite WARNING] It is recommended to use a private macro file (macros.py:54)
[robosuite WARNING] To setup, run: python /home/fri/FRIModelLoad/lib/python3.8/site-packages/robosuite/scripts/setup_macros.py (macros.py:55)
[robosuite WARNING] No private macro file found! (macros.py:53)
[robosuite WARNING] It is recommended to use a private macro file (macros.py:54)
[robosuite WARNING] To setup, run: python /home/fri/FRIModelLoad/lib/python3.8/site-packages/robosuite/scripts/setup_macros.py (macros.py:55)
[robosuite WARNING] No private macro file found! (macros.py:53)
[robosuite WARNING] It is recommended to use a private macro file (macros.py:54)
[robosuite WARNING] To setup, run: python /home/fri/FRIModelLoad/lib/python3.8/site-packages/robosuite/scripts/setup_macros.py (macros.py:55)
[robosuite WARNING] No private macro file found! (macros.py:53)
[robosuite WARNING] It is recommended to use a private macro file (macros.py:54)
[robosuite WARNING] To setup, run: python /home/fri/FRIModelLoad/lib/python3.8/site-packages/robosuite/scripts/setup_macros.py (macros.py:55)
[robosuite WARNING] No private macro file found! (macros.py:53)
[robosuite WARNING] It is recommended to use a private macro file (macros.py:54)
[robosuite WARNING] To setup, run: python /home/fri/FRIModelLoad/lib/python3.8/site-packages/robosuite/scripts/setup_macros.py (macros.py:55)
[robosuite WARNING] No private macro file found! (macros.py:53)
[robosuite WARNING] It is recommended to use a private macro file (macros.py:54)
[robosuite WARNING] To setup, run: python /home/fri/FRIModelLoad/lib/python3.8/site-packages/robosuite/scripts/setup_macros.py (macros.py:55)
2024-10-30 16:34:41.533422: I tensorflow/core/util/port.cc:110] oneDNN custom operations are on. You may see slightly different numerical results due to floating-point round-off errors from different computation orders. To turn them off, set the environment variable `TF_ENABLE_ONEDNN_OPTS=0`.
2024-10-30 16:34:41.533422: I tensorflow/core/util/port.cc:110] oneDNN custom operations are on. You may see slightly different numerical results due to floating-point round-off errors from different computation orders. To turn them off, set the environment variable `TF_ENABLE_ONEDNN_OPTS=0`.
2024-10-30 16:34:41.534622: I tensorflow/tsl/cuda/cudart_stub.cc:28] Could not find cuda drivers on your machine, GPU will not be used.
2024-10-30 16:34:41.534622: I tensorflow/tsl/cuda/cudart_stub.cc:28] Could not find cuda drivers on your machine, GPU will not be used.
2024-10-30 16:34:41.547208: I tensorflow/core/util/port.cc:110] oneDNN custom operations are on. You may see slightly different numerical results due to floating-point round-off errors from different computation orders. To turn them off, set the environment variable `TF_ENABLE_ONEDNN_OPTS=0`.
2024-10-30 16:34:41.547208: I tensorflow/core/util/port.cc:110] oneDNN custom operations are on. You may see slightly different numerical results due to floating-point round-off errors from different computation orders. To turn them off, set the environment variable `TF_ENABLE_ONEDNN_OPTS=0`.
2024-10-30 16:34:41.548431: I tensorflow/tsl/cuda/cudart_stub.cc:28] Could not find cuda drivers on your machine, GPU will not be used.
2024-10-30 16:34:41.548433: I tensorflow/tsl/cuda/cudart_stub.cc:28] Could not find cuda drivers on your machine, GPU will not be used.
2024-10-30 16:34:41.558735: I tensorflow/core/platform/cpu_feature_guard.cc:182] This TensorFlow binary is optimized to use available CPU instructions in performance-critical operations.
To enable the following instructions: AVX2 AVX_VNNI FMA, in other operations, rebuild TensorFlow with the appropriate compiler flags.
2024-10-30 16:34:41.558734: I tensorflow/core/platform/cpu_feature_guard.cc:182] This TensorFlow binary is optimized to use available CPU instructions in performance-critical operations.
To enable the following instructions: AVX2 AVX_VNNI FMA, in other operations, rebuild TensorFlow with the appropriate compiler flags.
2024-10-30 16:34:41.572048: I tensorflow/core/platform/cpu_feature_guard.cc:182] This TensorFlow binary is optimized to use available CPU instructions in performance-critical operations.
To enable the following instructions: AVX2 AVX_VNNI FMA, in other operations, rebuild TensorFlow with the appropriate compiler flags.
2024-10-30 16:34:41.572048: I tensorflow/core/platform/cpu_feature_guard.cc:182] This TensorFlow binary is optimized to use available CPU instructions in performance-critical operations.
To enable the following instructions: AVX2 AVX_VNNI FMA, in other operations, rebuild TensorFlow with the appropriate compiler flags.
2024-10-30 16:34:41.607848: I tensorflow/core/util/port.cc:110] oneDNN custom operations are on. You may see slightly different numerical results due to floating-point round-off errors from different computation orders. To turn them off, set the environment variable `TF_ENABLE_ONEDNN_OPTS=0`.
2024-10-30 16:34:41.608894: I tensorflow/tsl/cuda/cudart_stub.cc:28] Could not find cuda drivers on your machine, GPU will not be used.
2024-10-30 16:34:41.632640: I tensorflow/core/platform/cpu_feature_guard.cc:182] This TensorFlow binary is optimized to use available CPU instructions in performance-critical operations.
To enable the following instructions: AVX2 AVX_VNNI FMA, in other operations, rebuild TensorFlow with the appropriate compiler flags.
2024-10-30 16:34:41.659574: I tensorflow/core/util/port.cc:110] oneDNN custom operations are on. You may see slightly different numerical results due to floating-point round-off errors from different computation orders. To turn them off, set the environment variable `TF_ENABLE_ONEDNN_OPTS=0`.
2024-10-30 16:34:41.660668: I tensorflow/tsl/cuda/cudart_stub.cc:28] Could not find cuda drivers on your machine, GPU will not be used.
2024-10-30 16:34:41.684451: I tensorflow/core/platform/cpu_feature_guard.cc:182] This TensorFlow binary is optimized to use available CPU instructions in performance-critical operations.
To enable the following instructions: AVX2 AVX_VNNI FMA, in other operations, rebuild TensorFlow with the appropriate compiler flags.
2024-10-30 16:34:41.723628: I tensorflow/core/util/port.cc:110] oneDNN custom operations are on. You may see slightly different numerical results due to floating-point round-off errors from different computation orders. To turn them off, set the environment variable `TF_ENABLE_ONEDNN_OPTS=0`.
2024-10-30 16:34:41.725181: I tensorflow/tsl/cuda/cudart_stub.cc:28] Could not find cuda drivers on your machine, GPU will not be used.
2024-10-30 16:34:41.732698: I tensorflow/core/util/port.cc:110] oneDNN custom operations are on. You may see slightly different numerical results due to floating-point round-off errors from different computation orders. To turn them off, set the environment variable `TF_ENABLE_ONEDNN_OPTS=0`.
2024-10-30 16:34:41.733766: I tensorflow/tsl/cuda/cudart_stub.cc:28] Could not find cuda drivers on your machine, GPU will not be used.
2024-10-30 16:34:41.736745: I tensorflow/core/util/port.cc:110] oneDNN custom operations are on. You may see slightly different numerical results due to floating-point round-off errors from different computation orders. To turn them off, set the environment variable `TF_ENABLE_ONEDNN_OPTS=0`.
2024-10-30 16:34:41.737765: I tensorflow/tsl/cuda/cudart_stub.cc:28] Could not find cuda drivers on your machine, GPU will not be used.
2024-10-30 16:34:41.756896: I tensorflow/core/platform/cpu_feature_guard.cc:182] This TensorFlow binary is optimized to use available CPU instructions in performance-critical operations.
To enable the following instructions: AVX2 AVX_VNNI FMA, in other operations, rebuild TensorFlow with the appropriate compiler flags.
2024-10-30 16:34:41.761100: I tensorflow/core/platform/cpu_feature_guard.cc:182] This TensorFlow binary is optimized to use available CPU instructions in performance-critical operations.
To enable the following instructions: AVX2 AVX_VNNI FMA, in other operations, rebuild TensorFlow with the appropriate compiler flags.
2024-10-30 16:34:41.762178: I tensorflow/core/platform/cpu_feature_guard.cc:182] This TensorFlow binary is optimized to use available CPU instructions in performance-critical operations.
To enable the following instructions: AVX2 AVX_VNNI FMA, in other operations, rebuild TensorFlow with the appropriate compiler flags.
2024-10-30 16:34:41.847986: I tensorflow/core/util/port.cc:110] oneDNN custom operations are on. You may see slightly different numerical results due to floating-point round-off errors from different computation orders. To turn them off, set the environment variable `TF_ENABLE_ONEDNN_OPTS=0`.
2024-10-30 16:34:41.849298: I tensorflow/tsl/cuda/cudart_stub.cc:28] Could not find cuda drivers on your machine, GPU will not be used.
2024-10-30 16:34:41.873526: I tensorflow/core/platform/cpu_feature_guard.cc:182] This TensorFlow binary is optimized to use available CPU instructions in performance-critical operations.
To enable the following instructions: AVX2 AVX_VNNI FMA, in other operations, rebuild TensorFlow with the appropriate compiler flags.
2024-10-30 16:34:42.008699: W tensorflow/compiler/tf2tensorrt/utils/py_utils.cc:38] TF-TRT Warning: Could not find TensorRT
2024-10-30 16:34:42.010302: W tensorflow/compiler/tf2tensorrt/utils/py_utils.cc:38] TF-TRT Warning: Could not find TensorRT
2024-10-30 16:34:42.018815: W tensorflow/compiler/tf2tensorrt/utils/py_utils.cc:38] TF-TRT Warning: Could not find TensorRT
2024-10-30 16:34:42.018823: W tensorflow/compiler/tf2tensorrt/utils/py_utils.cc:38] TF-TRT Warning: Could not find TensorRT
2024-10-30 16:34:42.052782: W tensorflow/compiler/tf2tensorrt/utils/py_utils.cc:38] TF-TRT Warning: Could not find TensorRT
2024-10-30 16:34:42.221150: W tensorflow/compiler/tf2tensorrt/utils/py_utils.cc:38] TF-TRT Warning: Could not find TensorRT
2024-10-30 16:34:42.321540: I tensorflow/core/util/port.cc:110] oneDNN custom operations are on. You may see slightly different numerical results due to floating-point round-off errors from different computation orders. To turn them off, set the environment variable `TF_ENABLE_ONEDNN_OPTS=0`.
2024-10-30 16:34:42.323225: I tensorflow/tsl/cuda/cudart_stub.cc:28] Could not find cuda drivers on your machine, GPU will not be used.
2024-10-30 16:34:42.326686: I tensorflow/core/util/port.cc:110] oneDNN custom operations are on. You may see slightly different numerical results due to floating-point round-off errors from different computation orders. To turn them off, set the environment variable `TF_ENABLE_ONEDNN_OPTS=0`.
2024-10-30 16:34:42.328364: I tensorflow/tsl/cuda/cudart_stub.cc:28] Could not find cuda drivers on your machine, GPU will not be used.
2024-10-30 16:34:42.361968: I tensorflow/core/util/port.cc:110] oneDNN custom operations are on. You may see slightly different numerical results due to floating-point round-off errors from different computation orders. To turn them off, set the environment variable `TF_ENABLE_ONEDNN_OPTS=0`.
2024-10-30 16:34:42.361973: I tensorflow/core/platform/cpu_feature_guard.cc:182] This TensorFlow binary is optimized to use available CPU instructions in performance-critical operations.
To enable the following instructions: AVX2 AVX_VNNI FMA, in other operations, rebuild TensorFlow with the appropriate compiler flags.
2024-10-30 16:34:42.371783: I tensorflow/tsl/cuda/cudart_stub.cc:28] Could not find cuda drivers on your machine, GPU will not be used.
2024-10-30 16:34:42.377317: I tensorflow/core/platform/cpu_feature_guard.cc:182] This TensorFlow binary is optimized to use available CPU instructions in performance-critical operations.
To enable the following instructions: AVX2 AVX_VNNI FMA, in other operations, rebuild TensorFlow with the appropriate compiler flags.
2024-10-30 16:34:42.378743: W tensorflow/compiler/tf2tensorrt/utils/py_utils.cc:38] TF-TRT Warning: Could not find TensorRT
2024-10-30 16:34:42.380856: I tensorflow/core/util/port.cc:110] oneDNN custom operations are on. You may see slightly different numerical results due to floating-point round-off errors from different computation orders. To turn them off, set the environment variable `TF_ENABLE_ONEDNN_OPTS=0`.
2024-10-30 16:34:42.388574: I tensorflow/tsl/cuda/cudart_stub.cc:28] Could not find cuda drivers on your machine, GPU will not be used.
2024-10-30 16:34:42.391958: I tensorflow/core/util/port.cc:110] oneDNN custom operations are on. You may see slightly different numerical results due to floating-point round-off errors from different computation orders. To turn them off, set the environment variable `TF_ENABLE_ONEDNN_OPTS=0`.
2024-10-30 16:34:42.393368: I tensorflow/tsl/cuda/cudart_stub.cc:28] Could not find cuda drivers on your machine, GPU will not be used.
2024-10-30 16:34:42.396907: I tensorflow/core/util/port.cc:110] oneDNN custom operations are on. You may see slightly different numerical results due to floating-point round-off errors from different computation orders. To turn them off, set the environment variable `TF_ENABLE_ONEDNN_OPTS=0`.
2024-10-30 16:34:42.398414: I tensorflow/tsl/cuda/cudart_stub.cc:28] Could not find cuda drivers on your machine, GPU will not be used.
2024-10-30 16:34:42.415843: I tensorflow/core/util/port.cc:110] oneDNN custom operations are on. You may see slightly different numerical results due to floating-point round-off errors from different computation orders. To turn them off, set the environment variable `TF_ENABLE_ONEDNN_OPTS=0`.
2024-10-30 16:34:42.418736: I tensorflow/tsl/cuda/cudart_stub.cc:28] Could not find cuda drivers on your machine, GPU will not be used.
2024-10-30 16:34:42.428214: I tensorflow/core/platform/cpu_feature_guard.cc:182] This TensorFlow binary is optimized to use available CPU instructions in performance-critical operations.
To enable the following instructions: AVX2 AVX_VNNI FMA, in other operations, rebuild TensorFlow with the appropriate compiler flags.
2024-10-30 16:34:42.428398: I tensorflow/core/util/port.cc:110] oneDNN custom operations are on. You may see slightly different numerical results due to floating-point round-off errors from different computation orders. To turn them off, set the environment variable `TF_ENABLE_ONEDNN_OPTS=0`.
2024-10-30 16:34:42.429867: I tensorflow/tsl/cuda/cudart_stub.cc:28] Could not find cuda drivers on your machine, GPU will not be used.
2024-10-30 16:34:42.431738: I tensorflow/core/platform/cpu_feature_guard.cc:182] This TensorFlow binary is optimized to use available CPU instructions in performance-critical operations.
To enable the following instructions: AVX2 AVX_VNNI FMA, in other operations, rebuild TensorFlow with the appropriate compiler flags.
2024-10-30 16:34:42.432191: I tensorflow/core/platform/cpu_feature_guard.cc:182] This TensorFlow binary is optimized to use available CPU instructions in performance-critical operations.
To enable the following instructions: AVX2 AVX_VNNI FMA, in other operations, rebuild TensorFlow with the appropriate compiler flags.
2024-10-30 16:34:42.438062: I tensorflow/core/util/port.cc:110] oneDNN custom operations are on. You may see slightly different numerical results due to floating-point round-off errors from different computation orders. To turn them off, set the environment variable `TF_ENABLE_ONEDNN_OPTS=0`.
2024-10-30 16:34:42.444643: I tensorflow/tsl/cuda/cudart_stub.cc:28] Could not find cuda drivers on your machine, GPU will not be used.
2024-10-30 16:34:42.450991: I tensorflow/core/platform/cpu_feature_guard.cc:182] This TensorFlow binary is optimized to use available CPU instructions in performance-critical operations.
To enable the following instructions: AVX2 AVX_VNNI FMA, in other operations, rebuild TensorFlow with the appropriate compiler flags.
2024-10-30 16:34:42.486254: I tensorflow/core/platform/cpu_feature_guard.cc:182] This TensorFlow binary is optimized to use available CPU instructions in performance-critical operations.
To enable the following instructions: AVX2 AVX_VNNI FMA, in other operations, rebuild TensorFlow with the appropriate compiler flags.
2024-10-30 16:34:42.492483: I tensorflow/core/platform/cpu_feature_guard.cc:182] This TensorFlow binary is optimized to use available CPU instructions in performance-critical operations.
To enable the following instructions: AVX2 AVX_VNNI FMA, in other operations, rebuild TensorFlow with the appropriate compiler flags.
2024-10-30 16:34:42.501657: I tensorflow/core/platform/cpu_feature_guard.cc:182] This TensorFlow binary is optimized to use available CPU instructions in performance-critical operations.
To enable the following instructions: AVX2 AVX_VNNI FMA, in other operations, rebuild TensorFlow with the appropriate compiler flags.
2024-10-30 16:34:42.521763: W tensorflow/compiler/tf2tensorrt/utils/py_utils.cc:38] TF-TRT Warning: Could not find TensorRT
2024-10-30 16:34:42.571717: I tensorflow/core/util/port.cc:110] oneDNN custom operations are on. You may see slightly different numerical results due to floating-point round-off errors from different computation orders. To turn them off, set the environment variable `TF_ENABLE_ONEDNN_OPTS=0`.
2024-10-30 16:34:42.573505: I tensorflow/tsl/cuda/cudart_stub.cc:28] Could not find cuda drivers on your machine, GPU will not be used.
2024-10-30 16:34:42.584716: W tensorflow/compiler/tf2tensorrt/utils/py_utils.cc:38] TF-TRT Warning: Could not find TensorRT
2024-10-30 16:34:42.611485: I tensorflow/core/platform/cpu_feature_guard.cc:182] This TensorFlow binary is optimized to use available CPU instructions in performance-critical operations.
To enable the following instructions: AVX2 AVX_VNNI FMA, in other operations, rebuild TensorFlow with the appropriate compiler flags.
2024-10-30 16:34:42.837036: W tensorflow/compiler/tf2tensorrt/utils/py_utils.cc:38] TF-TRT Warning: Could not find TensorRT
2024-10-30 16:34:43.025025: W tensorflow/compiler/tf2tensorrt/utils/py_utils.cc:38] TF-TRT Warning: Could not find TensorRT
2024-10-30 16:34:43.034876: W tensorflow/compiler/tf2tensorrt/utils/py_utils.cc:38] TF-TRT Warning: Could not find TensorRT
2024-10-30 16:34:43.067229: W tensorflow/compiler/tf2tensorrt/utils/py_utils.cc:38] TF-TRT Warning: Could not find TensorRT
2024-10-30 16:34:43.072134: W tensorflow/compiler/tf2tensorrt/utils/py_utils.cc:38] TF-TRT Warning: Could not find TensorRT
2024-10-30 16:34:43.394484: W tensorflow/compiler/tf2tensorrt/utils/py_utils.cc:38] TF-TRT Warning: Could not find TensorRT
2024-10-30 16:34:43.413904: W tensorflow/compiler/tf2tensorrt/utils/py_utils.cc:38] TF-TRT Warning: Could not find TensorRT
2024-10-30 16:34:43.434352: W tensorflow/compiler/tf2tensorrt/utils/py_utils.cc:38] TF-TRT Warning: Could not find TensorRT
2024-10-30 16:34:43.445728: W tensorflow/compiler/tf2tensorrt/utils/py_utils.cc:38] TF-TRT Warning: Could not find TensorRT
2024-10-30 16:34:43.500128: W tensorflow/compiler/tf2tensorrt/utils/py_utils.cc:38] TF-TRT Warning: Could not find TensorRT
2024-10-30 16:34:43.521119: W tensorflow/compiler/tf2tensorrt/utils/py_utils.cc:38] TF-TRT Warning: Could not find TensorRT
Using cuda device
Logging to /home/fri/tb.log/PPO_25
---------------------------------
| rollout/           |          |
|    ep_len_mean     | 1e+03    |
|    ep_rew_mean     | 0.00122  |
| time/              |          |
|    fps             | 3870     |
|    iterations      | 1        |
|    time_elapsed    | 15       |
|    total_timesteps | 60000    |
---------------------------------
------------------------------------------
| rollout/                |              |
|    ep_len_mean          | 1e+03        |
|    ep_rew_mean          | 0.00122      |
| time/                   |              |
|    fps                  | 3857         |
|    iterations           | 2            |
|    time_elapsed         | 31           |
|    total_timesteps      | 120000       |
| train/                  |              |
|    approx_kl            | 0.0038450314 |
|    clip_fraction        | 0.024        |
|    clip_range           | 0.2          |
|    entropy_loss         | -11.3        |
|    explained_variance   | 0.0203       |
|    learning_rate        | 0.0003       |
|    loss                 | -0.000612    |
|    n_updates            | 10           |
|    policy_gradient_loss | -0.000577    |
|    std                  | 0.998        |
|    value_loss           | 0.00589      |
------------------------------------------
------------------------------------------
| rollout/                |              |
|    ep_len_mean          | 1e+03        |
|    ep_rew_mean          | 0.00117      |
| time/                   |              |
|    fps                  | 3847         |
|    iterations           | 3            |
|    time_elapsed         | 46           |
|    total_timesteps      | 180000       |
| train/                  |              |
|    approx_kl            | 0.0034251446 |
|    clip_fraction        | 0.0147       |
|    clip_range           | 0.2          |
|    entropy_loss         | -11.3        |
|    explained_variance   | 0.00628      |
|    learning_rate        | 0.0003       |
|    loss                 | -0.00163     |
|    n_updates            | 20           |
|    policy_gradient_loss | -0.000336    |
|    std                  | 0.996        |
|    value_loss           | 0.00397      |
------------------------------------------
-----------------------------------------
| rollout/                |             |
|    ep_len_mean          | 1e+03       |
|    ep_rew_mean          | 0.00128     |
| time/                   |             |
|    fps                  | 3781        |
|    iterations           | 4           |
|    time_elapsed         | 63          |
|    total_timesteps      | 240000      |
| train/                  |             |
|    approx_kl            | 0.003918259 |
|    clip_fraction        | 0.026       |
|    clip_range           | 0.2         |
|    entropy_loss         | -11.3       |
|    explained_variance   | 0.0937      |
|    learning_rate        | 0.0003      |
|    loss                 | 0.00168     |
|    n_updates            | 30          |
|    policy_gradient_loss | -0.000693   |
|    std                  | 0.995       |
|    value_loss           | 0.00245     |
-----------------------------------------
-----------------------------------------
| rollout/                |             |
|    ep_len_mean          | 1e+03       |
|    ep_rew_mean          | 0.00134     |
| time/                   |             |
|    fps                  | 3701        |
|    iterations           | 5           |
|    time_elapsed         | 81          |
|    total_timesteps      | 300000      |
| train/                  |             |
|    approx_kl            | 0.004783082 |
|    clip_fraction        | 0.0323      |
|    clip_range           | 0.2         |
|    entropy_loss         | -11.3       |
|    explained_variance   | 0.188       |
|    learning_rate        | 0.0003      |
|    loss                 | -0.00414    |
|    n_updates            | 40          |
|    policy_gradient_loss | -0.00102    |
|    std                  | 0.99        |
|    value_loss           | 0.00161     |
-----------------------------------------
------------------------------------------
| rollout/                |              |
|    ep_len_mean          | 1e+03        |
|    ep_rew_mean          | 0.00123      |
| time/                   |              |
|    fps                  | 3717         |
|    iterations           | 6            |
|    time_elapsed         | 96           |
|    total_timesteps      | 360000       |
| train/                  |              |
|    approx_kl            | 0.0053501744 |
|    clip_fraction        | 0.0457       |
|    clip_range           | 0.2          |
|    entropy_loss         | -11.2        |
|    explained_variance   | 0.2          |
|    learning_rate        | 0.0003       |
|    loss                 | 0.00619      |
|    n_updates            | 50           |
|    policy_gradient_loss | -0.00134     |
|    std                  | 0.985        |
|    value_loss           | 0.00113      |
------------------------------------------
-----------------------------------------
| rollout/                |             |
|    ep_len_mean          | 1e+03       |
|    ep_rew_mean          | 0.0013      |
| time/                   |             |
|    fps                  | 3745        |
|    iterations           | 7           |
|    time_elapsed         | 112         |
|    total_timesteps      | 420000      |
| train/                  |             |
|    approx_kl            | 0.005828381 |
|    clip_fraction        | 0.0594      |
|    clip_range           | 0.2         |
|    entropy_loss         | -11.2       |
|    explained_variance   | 0.481       |
|    learning_rate        | 0.0003      |
|    loss                 | 0.00321     |
|    n_updates            | 60          |
|    policy_gradient_loss | -0.00146    |
|    std                  | 0.984       |
|    value_loss           | 0.000624    |
-----------------------------------------
-----------------------------------------
| rollout/                |             |
|    ep_len_mean          | 1e+03       |
|    ep_rew_mean          | 0.00123     |
| time/                   |             |
|    fps                  | 3752        |
|    iterations           | 8           |
|    time_elapsed         | 127         |
|    total_timesteps      | 480000      |
| train/                  |             |
|    approx_kl            | 0.005911382 |
|    clip_fraction        | 0.0589      |
|    clip_range           | 0.2         |
|    entropy_loss         | -11.2       |
|    explained_variance   | 0.775       |
|    learning_rate        | 0.0003      |
|    loss                 | -0.00633    |
|    n_updates            | 70          |
|    policy_gradient_loss | -0.00231    |
|    std                  | 0.983       |
|    value_loss           | 0.000291    |
-----------------------------------------
-----------------------------------------
| rollout/                |             |
|    ep_len_mean          | 1e+03       |
|    ep_rew_mean          | 0.00116     |
| time/                   |             |
|    fps                  | 3754        |
|    iterations           | 9           |
|    time_elapsed         | 143         |
|    total_timesteps      | 540000      |
| train/                  |             |
|    approx_kl            | 0.005308124 |
|    clip_fraction        | 0.0478      |
|    clip_range           | 0.2         |
|    entropy_loss         | -11.2       |
|    explained_variance   | 0.917       |
|    learning_rate        | 0.0003      |
|    loss                 | -0.00121    |
|    n_updates            | 80          |
|    policy_gradient_loss | -0.00253    |
|    std                  | 0.977       |
|    value_loss           | 0.00012     |
-----------------------------------------
-----------------------------------------
| rollout/                |             |
|    ep_len_mean          | 1e+03       |
|    ep_rew_mean          | 0.00119     |
| time/                   |             |
|    fps                  | 3746        |
|    iterations           | 10          |
|    time_elapsed         | 160         |
|    total_timesteps      | 600000      |
| train/                  |             |
|    approx_kl            | 0.005128031 |
|    clip_fraction        | 0.0464      |
|    clip_range           | 0.2         |
|    entropy_loss         | -11.1       |
|    explained_variance   | 0.951       |
|    learning_rate        | 0.0003      |
|    loss                 | -0.00464    |
|    n_updates            | 90          |
|    policy_gradient_loss | -0.00315    |
|    std                  | 0.973       |
|    value_loss           | 5.28e-05    |
-----------------------------------------
------------------------------------------
| rollout/                |              |
|    ep_len_mean          | 1e+03        |
|    ep_rew_mean          | 0.0012       |
| time/                   |              |
|    fps                  | 3736         |
|    iterations           | 11           |
|    time_elapsed         | 176          |
|    total_timesteps      | 660000       |
| train/                  |              |
|    approx_kl            | 0.0052099973 |
|    clip_fraction        | 0.0455       |
|    clip_range           | 0.2          |
|    entropy_loss         | -11.1        |
|    explained_variance   | 0.964        |
|    learning_rate        | 0.0003       |
|    loss                 | -0.00878     |
|    n_updates            | 100          |
|    policy_gradient_loss | -0.00294     |
|    std                  | 0.97         |
|    value_loss           | 1.5e-05      |
------------------------------------------
------------------------------------------
| rollout/                |              |
|    ep_len_mean          | 1e+03        |
|    ep_rew_mean          | 0.00119      |
| time/                   |              |
|    fps                  | 3712         |
|    iterations           | 12           |
|    time_elapsed         | 193          |
|    total_timesteps      | 720000       |
| train/                  |              |
|    approx_kl            | 0.0041059786 |
|    clip_fraction        | 0.029        |
|    clip_range           | 0.2          |
|    entropy_loss         | -11.1        |
|    explained_variance   | 0.961        |
|    learning_rate        | 0.0003       |
|    loss                 | -0.00129     |
|    n_updates            | 110          |
|    policy_gradient_loss | -0.00167     |
|    std                  | 0.967        |
|    value_loss           | 5.19e-06     |
------------------------------------------
------------------------------------------
| rollout/                |              |
|    ep_len_mean          | 1e+03        |
|    ep_rew_mean          | 0.00119      |
| time/                   |              |
|    fps                  | 3726         |
|    iterations           | 13           |
|    time_elapsed         | 209          |
|    total_timesteps      | 780000       |
| train/                  |              |
|    approx_kl            | 0.0048995297 |
|    clip_fraction        | 0.0357       |
|    clip_range           | 0.2          |
|    entropy_loss         | -11.1        |
|    explained_variance   | 0.956        |
|    learning_rate        | 0.0003       |
|    loss                 | -0.00934     |
|    n_updates            | 120          |
|    policy_gradient_loss | -0.00214     |
|    std                  | 0.964        |
|    value_loss           | 4.61e-06     |
------------------------------------------
------------------------------------------
| rollout/                |              |
|    ep_len_mean          | 1e+03        |
|    ep_rew_mean          | 0.00114      |
| time/                   |              |
|    fps                  | 3729         |
|    iterations           | 14           |
|    time_elapsed         | 225          |
|    total_timesteps      | 840000       |
| train/                  |              |
|    approx_kl            | 0.0036090792 |
|    clip_fraction        | 0.0223       |
|    clip_range           | 0.2          |
|    entropy_loss         | -11.1        |
|    explained_variance   | 0.944        |
|    learning_rate        | 0.0003       |
|    loss                 | 0.00198      |
|    n_updates            | 130          |
|    policy_gradient_loss | -0.000795    |
|    std                  | 0.964        |
|    value_loss           | 7.57e-06     |
------------------------------------------
------------------------------------------
| rollout/                |              |
|    ep_len_mean          | 1e+03        |
|    ep_rew_mean          | 0.00119      |
| time/                   |              |
|    fps                  | 3729         |
|    iterations           | 15           |
|    time_elapsed         | 241          |
|    total_timesteps      | 900000       |
| train/                  |              |
|    approx_kl            | 0.0040586544 |
|    clip_fraction        | 0.0284       |
|    clip_range           | 0.2          |
|    entropy_loss         | -11          |
|    explained_variance   | 0.938        |
|    learning_rate        | 0.0003       |
|    loss                 | -0.00291     |
|    n_updates            | 140          |
|    policy_gradient_loss | -0.0011      |
|    std                  | 0.962        |
|    value_loss           | 7.13e-06     |
------------------------------------------
-----------------------------------------
| rollout/                |             |
|    ep_len_mean          | 1e+03       |
|    ep_rew_mean          | 0.0012      |
| time/                   |             |
|    fps                  | 3732        |
|    iterations           | 16          |
|    time_elapsed         | 257         |
|    total_timesteps      | 960000      |
| train/                  |             |
|    approx_kl            | 0.004530096 |
|    clip_fraction        | 0.0349      |
|    clip_range           | 0.2         |
|    entropy_loss         | -11         |
|    explained_variance   | 0.93        |
|    learning_rate        | 0.0003      |
|    loss                 | -0.00129    |
|    n_updates            | 150         |
|    policy_gradient_loss | -0.00206    |
|    std                  | 0.957       |
|    value_loss           | 8.85e-06    |
-----------------------------------------
-----------------------------------------
| rollout/                |             |
|    ep_len_mean          | 1e+03       |
|    ep_rew_mean          | 0.00112     |
| time/                   |             |
|    fps                  | 3738        |
|    iterations           | 17          |
|    time_elapsed         | 272         |
|    total_timesteps      | 1020000     |
| train/                  |             |
|    approx_kl            | 0.004255152 |
|    clip_fraction        | 0.0295      |
|    clip_range           | 0.2         |
|    entropy_loss         | -11         |
|    explained_variance   | 0.925       |
|    learning_rate        | 0.0003      |
|    loss                 | 0.00549     |
|    n_updates            | 160         |
|    policy_gradient_loss | -0.00122    |
|    std                  | 0.954       |
|    value_loss           | 8.22e-06    |
-----------------------------------------
-----------------------------------------
| rollout/                |             |
|    ep_len_mean          | 1e+03       |
|    ep_rew_mean          | 0.00109     |
| time/                   |             |
|    fps                  | 3739        |
|    iterations           | 18          |
|    time_elapsed         | 288         |
|    total_timesteps      | 1080000     |
| train/                  |             |
|    approx_kl            | 0.004679524 |
|    clip_fraction        | 0.0433      |
|    clip_range           | 0.2         |
|    entropy_loss         | -11         |
|    explained_variance   | 0.925       |
|    learning_rate        | 0.0003      |
|    loss                 | -0.00873    |
|    n_updates            | 170         |
|    policy_gradient_loss | -0.00197    |
|    std                  | 0.958       |
|    value_loss           | 5.83e-06    |
-----------------------------------------
------------------------------------------
| rollout/                |              |
|    ep_len_mean          | 1e+03        |
|    ep_rew_mean          | 0.00111      |
| time/                   |              |
|    fps                  | 3747         |
|    iterations           | 19           |
|    time_elapsed         | 304          |
|    total_timesteps      | 1140000      |
| train/                  |              |
|    approx_kl            | 0.0046369703 |
|    clip_fraction        | 0.0399       |
|    clip_range           | 0.2          |
|    entropy_loss         | -11          |
|    explained_variance   | 0.929        |
|    learning_rate        | 0.0003       |
|    loss                 | -0.0049      |
|    n_updates            | 180          |
|    policy_gradient_loss | -0.00169     |
|    std                  | 0.956        |
|    value_loss           | 3.28e-06     |
------------------------------------------
------------------------------------------
| rollout/                |              |
|    ep_len_mean          | 1e+03        |
|    ep_rew_mean          | 0.00108      |
| time/                   |              |
|    fps                  | 3753         |
|    iterations           | 20           |
|    time_elapsed         | 319          |
|    total_timesteps      | 1200000      |
| train/                  |              |
|    approx_kl            | 0.0035822846 |
|    clip_fraction        | 0.0206       |
|    clip_range           | 0.2          |
|    entropy_loss         | -11          |
|    explained_variance   | 0.932        |
|    learning_rate        | 0.0003       |
|    loss                 | -0.000777    |
|    n_updates            | 190          |
|    policy_gradient_loss | -0.000425    |
|    std                  | 0.955        |
|    value_loss           | 2.18e-06     |
------------------------------------------
------------------------------------------
| rollout/                |              |
|    ep_len_mean          | 1e+03        |
|    ep_rew_mean          | 0.00103      |
| time/                   |              |
|    fps                  | 3759         |
|    iterations           | 21           |
|    time_elapsed         | 335          |
|    total_timesteps      | 1260000      |
| train/                  |              |
|    approx_kl            | 0.0042395764 |
|    clip_fraction        | 0.035        |
|    clip_range           | 0.2          |
|    entropy_loss         | -11          |
|    explained_variance   | 0.933        |
|    learning_rate        | 0.0003       |
|    loss                 | -0.00583     |
|    n_updates            | 200          |
|    policy_gradient_loss | -0.00132     |
|    std                  | 0.957        |
|    value_loss           | 1.68e-06     |
------------------------------------------
-----------------------------------------
| rollout/                |             |
|    ep_len_mean          | 1e+03       |
|    ep_rew_mean          | 0.000977    |
| time/                   |             |
|    fps                  | 3769        |
|    iterations           | 22          |
|    time_elapsed         | 350         |
|    total_timesteps      | 1320000     |
| train/                  |             |
|    approx_kl            | 0.004843087 |
|    clip_fraction        | 0.0391      |
|    clip_range           | 0.2         |
|    entropy_loss         | -11         |
|    explained_variance   | 0.932       |
|    learning_rate        | 0.0003      |
|    loss                 | 0.00237     |
|    n_updates            | 210         |
|    policy_gradient_loss | -0.00138    |
|    std                  | 0.956       |
|    value_loss           | 1.58e-06    |
-----------------------------------------
------------------------------------------
| rollout/                |              |
|    ep_len_mean          | 1e+03        |
|    ep_rew_mean          | 0.000941     |
| time/                   |              |
|    fps                  | 3775         |
|    iterations           | 23           |
|    time_elapsed         | 365          |
|    total_timesteps      | 1380000      |
| train/                  |              |
|    approx_kl            | 0.0047306106 |
|    clip_fraction        | 0.0347       |
|    clip_range           | 0.2          |
|    entropy_loss         | -11          |
|    explained_variance   | 0.931        |
|    learning_rate        | 0.0003       |
|    loss                 | -0.0022      |
|    n_updates            | 220          |
|    policy_gradient_loss | -0.00166     |
|    std                  | 0.953        |
|    value_loss           | 1.82e-06     |
------------------------------------------
-----------------------------------------
| rollout/                |             |
|    ep_len_mean          | 1e+03       |
|    ep_rew_mean          | 0.00099     |
| time/                   |             |
|    fps                  | 3784        |
|    iterations           | 24          |
|    time_elapsed         | 380         |
|    total_timesteps      | 1440000     |
| train/                  |             |
|    approx_kl            | 0.004353286 |
|    clip_fraction        | 0.0389      |
|    clip_range           | 0.2         |
|    entropy_loss         | -11         |
|    explained_variance   | 0.932       |
|    learning_rate        | 0.0003      |
|    loss                 | -0.000787   |
|    n_updates            | 230         |
|    policy_gradient_loss | -0.0012     |
|    std                  | 0.952       |
|    value_loss           | 1.34e-06    |
-----------------------------------------
------------------------------------------
| rollout/                |              |
|    ep_len_mean          | 1e+03        |
|    ep_rew_mean          | 0.000992     |
| time/                   |              |
|    fps                  | 3773         |
|    iterations           | 25           |
|    time_elapsed         | 397          |
|    total_timesteps      | 1500000      |
| train/                  |              |
|    approx_kl            | 0.0035097087 |
|    clip_fraction        | 0.0251       |
|    clip_range           | 0.2          |
|    entropy_loss         | -10.9        |
|    explained_variance   | 0.932        |
|    learning_rate        | 0.0003       |
|    loss                 | -0.00424     |
|    n_updates            | 240          |
|    policy_gradient_loss | -0.000976    |
|    std                  | 0.948        |
|    value_loss           | 1.23e-06     |
------------------------------------------
-----------------------------------------
| rollout/                |             |
|    ep_len_mean          | 1e+03       |
|    ep_rew_mean          | 0.000997    |
| time/                   |             |
|    fps                  | 3763        |
|    iterations           | 26          |
|    time_elapsed         | 414         |
|    total_timesteps      | 1560000     |
| train/                  |             |
|    approx_kl            | 0.004216912 |
|    clip_fraction        | 0.036       |
|    clip_range           | 0.2         |
|    entropy_loss         | -10.9       |
|    explained_variance   | 0.932       |
|    learning_rate        | 0.0003      |
|    loss                 | -0.00552    |
|    n_updates            | 250         |
|    policy_gradient_loss | -0.000919   |
|    std                  | 0.945       |
|    value_loss           | 1.63e-06    |
-----------------------------------------
-----------------------------------------
| rollout/                |             |
|    ep_len_mean          | 1e+03       |
|    ep_rew_mean          | 0.000983    |
| time/                   |             |
|    fps                  | 3769        |
|    iterations           | 27          |
|    time_elapsed         | 429         |
|    total_timesteps      | 1620000     |
| train/                  |             |
|    approx_kl            | 0.004354929 |
|    clip_fraction        | 0.0354      |
|    clip_range           | 0.2         |
|    entropy_loss         | -10.9       |
|    explained_variance   | 0.931       |
|    learning_rate        | 0.0003      |
|    loss                 | 0.0015      |
|    n_updates            | 260         |
|    policy_gradient_loss | -0.0011     |
|    std                  | 0.942       |
|    value_loss           | 1.64e-06    |
-----------------------------------------
------------------------------------------
| rollout/                |              |
|    ep_len_mean          | 1e+03        |
|    ep_rew_mean          | 0.000967     |
| time/                   |              |
|    fps                  | 3765         |
|    iterations           | 28           |
|    time_elapsed         | 446          |
|    total_timesteps      | 1680000      |
| train/                  |              |
|    approx_kl            | 0.0045829606 |
|    clip_fraction        | 0.0344       |
|    clip_range           | 0.2          |
|    entropy_loss         | -10.9        |
|    explained_variance   | 0.91         |
|    learning_rate        | 0.0003       |
|    loss                 | -0.00075     |
|    n_updates            | 270          |
|    policy_gradient_loss | -0.00122     |
|    std                  | 0.939        |
|    value_loss           | 1.37e-06     |
------------------------------------------
-----------------------------------------
| rollout/                |             |
|    ep_len_mean          | 1e+03       |
|    ep_rew_mean          | 0.000974    |
| time/                   |             |
|    fps                  | 3752        |
|    iterations           | 29          |
|    time_elapsed         | 463         |
|    total_timesteps      | 1740000     |
| train/                  |             |
|    approx_kl            | 0.004367696 |
|    clip_fraction        | 0.0374      |
|    clip_range           | 0.2         |
|    entropy_loss         | -10.8       |
|    explained_variance   | 0.919       |
|    learning_rate        | 0.0003      |
|    loss                 | -0.00237    |
|    n_updates            | 280         |
|    policy_gradient_loss | -0.00166    |
|    std                  | 0.935       |
|    value_loss           | 1.2e-06     |
-----------------------------------------
-----------------------------------------
| rollout/                |             |
|    ep_len_mean          | 1e+03       |
|    ep_rew_mean          | 0.000991    |
| time/                   |             |
|    fps                  | 3745        |
|    iterations           | 30          |
|    time_elapsed         | 480         |
|    total_timesteps      | 1800000     |
| train/                  |             |
|    approx_kl            | 0.005099749 |
|    clip_fraction        | 0.0424      |
|    clip_range           | 0.2         |
|    entropy_loss         | -10.8       |
|    explained_variance   | 0.93        |
|    learning_rate        | 0.0003      |
|    loss                 | -0.000395   |
|    n_updates            | 290         |
|    policy_gradient_loss | -0.00214    |
|    std                  | 0.93        |
|    value_loss           | 1.31e-06    |
-----------------------------------------
------------------------------------------
| rollout/                |              |
|    ep_len_mean          | 1e+03        |
|    ep_rew_mean          | 0.000977     |
| time/                   |              |
|    fps                  | 3751         |
|    iterations           | 31           |
|    time_elapsed         | 495          |
|    total_timesteps      | 1860000      |
| train/                  |              |
|    approx_kl            | 0.0050923727 |
|    clip_fraction        | 0.0474       |
|    clip_range           | 0.2          |
|    entropy_loss         | -10.8        |
|    explained_variance   | 0.914        |
|    learning_rate        | 0.0003       |
|    loss                 | -0.00624     |
|    n_updates            | 300          |
|    policy_gradient_loss | -0.00164     |
|    std                  | 0.93         |
|    value_loss           | 1.36e-06     |
------------------------------------------
----------------------------------------
| rollout/                |            |
|    ep_len_mean          | 1e+03      |
|    ep_rew_mean          | 0.00102    |
| time/                   |            |
|    fps                  | 3764       |
|    iterations           | 32         |
|    time_elapsed         | 510        |
|    total_timesteps      | 1920000    |
| train/                  |            |
|    approx_kl            | 0.00558738 |
|    clip_fraction        | 0.0607     |
|    clip_range           | 0.2        |
|    entropy_loss         | -10.7      |
|    explained_variance   | 0.935      |
|    learning_rate        | 0.0003     |
|    loss                 | -0.00428   |
|    n_updates            | 310        |
|    policy_gradient_loss | -0.00276   |
|    std                  | 0.928      |
|    value_loss           | 1.18e-06   |
----------------------------------------
------------------------------------------
| rollout/                |              |
|    ep_len_mean          | 1e+03        |
|    ep_rew_mean          | 0.00105      |
| time/                   |              |
|    fps                  | 3759         |
|    iterations           | 33           |
|    time_elapsed         | 526          |
|    total_timesteps      | 1980000      |
| train/                  |              |
|    approx_kl            | 0.0056559783 |
|    clip_fraction        | 0.0598       |
|    clip_range           | 0.2          |
|    entropy_loss         | -10.7        |
|    explained_variance   | 0.937        |
|    learning_rate        | 0.0003       |
|    loss                 | 0.00336      |
|    n_updates            | 320          |
|    policy_gradient_loss | -0.0026      |
|    std                  | 0.923        |
|    value_loss           | 1.28e-06     |
------------------------------------------
------------------------------------------
| rollout/                |              |
|    ep_len_mean          | 1e+03        |
|    ep_rew_mean          | 0.00108      |
| time/                   |              |
|    fps                  | 3761         |
|    iterations           | 34           |
|    time_elapsed         | 542          |
|    total_timesteps      | 2040000      |
| train/                  |              |
|    approx_kl            | 0.0068248753 |
|    clip_fraction        | 0.0781       |
|    clip_range           | 0.2          |
|    entropy_loss         | -10.7        |
|    explained_variance   | 0.938        |
|    learning_rate        | 0.0003       |
|    loss                 | -0.000954    |
|    n_updates            | 330          |
|    policy_gradient_loss | -0.00367     |
|    std                  | 0.919        |
|    value_loss           | 1.22e-06     |
------------------------------------------
------------------------------------------
| rollout/                |              |
|    ep_len_mean          | 1e+03        |
|    ep_rew_mean          | 0.00106      |
| time/                   |              |
|    fps                  | 3774         |
|    iterations           | 35           |
|    time_elapsed         | 556          |
|    total_timesteps      | 2100000      |
| train/                  |              |
|    approx_kl            | 0.0068347435 |
|    clip_fraction        | 0.0823       |
|    clip_range           | 0.2          |
|    entropy_loss         | -10.7        |
|    explained_variance   | 0.883        |
|    learning_rate        | 0.0003       |
|    loss                 | 0.00345      |
|    n_updates            | 340          |
|    policy_gradient_loss | -0.00206     |
|    std                  | 0.92         |
|    value_loss           | 1.34e-06     |
------------------------------------------
------------------------------------------
| rollout/                |              |
|    ep_len_mean          | 1e+03        |
|    ep_rew_mean          | 0.000983     |
| time/                   |              |
|    fps                  | 3773         |
|    iterations           | 36           |
|    time_elapsed         | 572          |
|    total_timesteps      | 2160000      |
| train/                  |              |
|    approx_kl            | 0.0075107245 |
|    clip_fraction        | 0.0938       |
|    clip_range           | 0.2          |
|    entropy_loss         | -10.7        |
|    explained_variance   | 0.881        |
|    learning_rate        | 0.0003       |
|    loss                 | 0.00238      |
|    n_updates            | 350          |
|    policy_gradient_loss | -0.00331     |
|    std                  | 0.92         |
|    value_loss           | 1.27e-06     |
------------------------------------------
----------------------------------------
| rollout/                |            |
|    ep_len_mean          | 1e+03      |
|    ep_rew_mean          | 0.000947   |
| time/                   |            |
|    fps                  | 3788       |
|    iterations           | 37         |
|    time_elapsed         | 586        |
|    total_timesteps      | 2220000    |
| train/                  |            |
|    approx_kl            | 0.00805929 |
|    clip_fraction        | 0.0959     |
|    clip_range           | 0.2        |
|    entropy_loss         | -10.7      |
|    explained_variance   | 0.829      |
|    learning_rate        | 0.0003     |
|    loss                 | -0.00568   |
|    n_updates            | 360        |
|    policy_gradient_loss | -0.00301   |
|    std                  | 0.92       |
|    value_loss           | 2.68e-06   |
----------------------------------------
-----------------------------------------
| rollout/                |             |
|    ep_len_mean          | 1e+03       |
|    ep_rew_mean          | 0.000948    |
| time/                   |             |
|    fps                  | 3789        |
|    iterations           | 38          |
|    time_elapsed         | 601         |
|    total_timesteps      | 2280000     |
| train/                  |             |
|    approx_kl            | 0.008075555 |
|    clip_fraction        | 0.102       |
|    clip_range           | 0.2         |
|    entropy_loss         | -10.6       |
|    explained_variance   | 0.831       |
|    learning_rate        | 0.0003      |
|    loss                 | -0.00928    |
|    n_updates            | 370         |
|    policy_gradient_loss | -0.0037     |
|    std                  | 0.916       |
|    value_loss           | 9.86e-07    |
-----------------------------------------
-----------------------------------------
| rollout/                |             |
|    ep_len_mean          | 1e+03       |
|    ep_rew_mean          | 0.000949    |
| time/                   |             |
|    fps                  | 3786        |
|    iterations           | 39          |
|    time_elapsed         | 617         |
|    total_timesteps      | 2340000     |
| train/                  |             |
|    approx_kl            | 0.009363542 |
|    clip_fraction        | 0.115       |
|    clip_range           | 0.2         |
|    entropy_loss         | -10.6       |
|    explained_variance   | 0.761       |
|    learning_rate        | 0.0003      |
|    loss                 | 0.00383     |
|    n_updates            | 380         |
|    policy_gradient_loss | -0.00288    |
|    std                  | 0.913       |
|    value_loss           | 1.08e-06    |
-----------------------------------------
-----------------------------------------
| rollout/                |             |
|    ep_len_mean          | 1e+03       |
|    ep_rew_mean          | 0.000951    |
| time/                   |             |
|    fps                  | 3788        |
|    iterations           | 40          |
|    time_elapsed         | 633         |
|    total_timesteps      | 2400000     |
| train/                  |             |
|    approx_kl            | 0.008086381 |
|    clip_fraction        | 0.1         |
|    clip_range           | 0.2         |
|    entropy_loss         | -10.6       |
|    explained_variance   | 0.82        |
|    learning_rate        | 0.0003      |
|    loss                 | 0.00612     |
|    n_updates            | 390         |
|    policy_gradient_loss | -0.0035     |
|    std                  | 0.912       |
|    value_loss           | 1.96e-06    |
-----------------------------------------
-----------------------------------------
| rollout/                |             |
|    ep_len_mean          | 1e+03       |
|    ep_rew_mean          | 0.000897    |
| time/                   |             |
|    fps                  | 3789        |
|    iterations           | 41          |
|    time_elapsed         | 649         |
|    total_timesteps      | 2460000     |
| train/                  |             |
|    approx_kl            | 0.006997351 |
|    clip_fraction        | 0.0857      |
|    clip_range           | 0.2         |
|    entropy_loss         | -10.6       |
|    explained_variance   | 0.815       |
|    learning_rate        | 0.0003      |
|    loss                 | -0.00528    |
|    n_updates            | 400         |
|    policy_gradient_loss | -0.00228    |
|    std                  | 0.913       |
|    value_loss           | 1.46e-06    |
-----------------------------------------
-----------------------------------------
| rollout/                |             |
|    ep_len_mean          | 1e+03       |
|    ep_rew_mean          | 0.000923    |
| time/                   |             |
|    fps                  | 3792        |
|    iterations           | 42          |
|    time_elapsed         | 664         |
|    total_timesteps      | 2520000     |
| train/                  |             |
|    approx_kl            | 0.007845169 |
|    clip_fraction        | 0.0849      |
|    clip_range           | 0.2         |
|    entropy_loss         | -10.5       |
|    explained_variance   | 0.851       |
|    learning_rate        | 0.0003      |
|    loss                 | -0.000542   |
|    n_updates            | 410         |
|    policy_gradient_loss | -0.00238    |
|    std                  | 0.906       |
|    value_loss           | 2.61e-06    |
-----------------------------------------
-----------------------------------------
| rollout/                |             |
|    ep_len_mean          | 1e+03       |
|    ep_rew_mean          | 0.000819    |
| time/                   |             |
|    fps                  | 3784        |
|    iterations           | 43          |
|    time_elapsed         | 681         |
|    total_timesteps      | 2580000     |
| train/                  |             |
|    approx_kl            | 0.006400669 |
|    clip_fraction        | 0.0707      |
|    clip_range           | 0.2         |
|    entropy_loss         | -10.5       |
|    explained_variance   | 0.878       |
|    learning_rate        | 0.0003      |
|    loss                 | 0.00216     |
|    n_updates            | 420         |
|    policy_gradient_loss | -0.00168    |
|    std                  | 0.907       |
|    value_loss           | 7.32e-07    |
-----------------------------------------
-----------------------------------------
| rollout/                |             |
|    ep_len_mean          | 1e+03       |
|    ep_rew_mean          | 0.000763    |
| time/                   |             |
|    fps                  | 3779        |
|    iterations           | 44          |
|    time_elapsed         | 698         |
|    total_timesteps      | 2640000     |
| train/                  |             |
|    approx_kl            | 0.006940157 |
|    clip_fraction        | 0.0754      |
|    clip_range           | 0.2         |
|    entropy_loss         | -10.5       |
|    explained_variance   | 0.894       |
|    learning_rate        | 0.0003      |
|    loss                 | 0.000158    |
|    n_updates            | 430         |
|    policy_gradient_loss | -0.00195    |
|    std                  | 0.904       |
|    value_loss           | 2.5e-06     |
-----------------------------------------
-----------------------------------------
| rollout/                |             |
|    ep_len_mean          | 1e+03       |
|    ep_rew_mean          | 0.000785    |
| time/                   |             |
|    fps                  | 3786        |
|    iterations           | 45          |
|    time_elapsed         | 713         |
|    total_timesteps      | 2700000     |
| train/                  |             |
|    approx_kl            | 0.005671663 |
|    clip_fraction        | 0.0653      |
|    clip_range           | 0.2         |
|    entropy_loss         | -10.5       |
|    explained_variance   | 0.9         |
|    learning_rate        | 0.0003      |
|    loss                 | 0.00488     |
|    n_updates            | 440         |
|    policy_gradient_loss | -0.00185    |
|    std                  | 0.902       |
|    value_loss           | 1.22e-06    |
-----------------------------------------
-----------------------------------------
| rollout/                |             |
|    ep_len_mean          | 1e+03       |
|    ep_rew_mean          | 0.000716    |
| time/                   |             |
|    fps                  | 3781        |
|    iterations           | 46          |
|    time_elapsed         | 729         |
|    total_timesteps      | 2760000     |
| train/                  |             |
|    approx_kl            | 0.006363723 |
|    clip_fraction        | 0.0715      |
|    clip_range           | 0.2         |
|    entropy_loss         | -10.5       |
|    explained_variance   | 0.907       |
|    learning_rate        | 0.0003      |
|    loss                 | 0.000809    |
|    n_updates            | 450         |
|    policy_gradient_loss | -0.00216    |
|    std                  | 0.9         |
|    value_loss           | 2.64e-06    |
-----------------------------------------
------------------------------------------
| rollout/                |              |
|    ep_len_mean          | 1e+03        |
|    ep_rew_mean          | 0.000661     |
| time/                   |              |
|    fps                  | 3782         |
|    iterations           | 47           |
|    time_elapsed         | 745          |
|    total_timesteps      | 2820000      |
| train/                  |              |
|    approx_kl            | 0.0058117746 |
|    clip_fraction        | 0.0641       |
|    clip_range           | 0.2          |
|    entropy_loss         | -10.5        |
|    explained_variance   | 0.889        |
|    learning_rate        | 0.0003       |
|    loss                 | -0.00292     |
|    n_updates            | 460          |
|    policy_gradient_loss | -0.0014      |
|    std                  | 0.897        |
|    value_loss           | 1.35e-06     |
------------------------------------------
----------------------------------------
| rollout/                |            |
|    ep_len_mean          | 1e+03      |
|    ep_rew_mean          | 0.000643   |
| time/                   |            |
|    fps                  | 3790       |
|    iterations           | 48         |
|    time_elapsed         | 759        |
|    total_timesteps      | 2880000    |
| train/                  |            |
|    approx_kl            | 0.00611326 |
|    clip_fraction        | 0.0684     |
|    clip_range           | 0.2        |
|    entropy_loss         | -10.4      |
|    explained_variance   | 0.911      |
|    learning_rate        | 0.0003     |
|    loss                 | -0.00384   |
|    n_updates            | 470        |
|    policy_gradient_loss | -0.00208   |
|    std                  | 0.894      |
|    value_loss           | 2.25e-06   |
----------------------------------------
------------------------------------------
| rollout/                |              |
|    ep_len_mean          | 1e+03        |
|    ep_rew_mean          | 0.000627     |
| time/                   |              |
|    fps                  | 3790         |
|    iterations           | 49           |
|    time_elapsed         | 775          |
|    total_timesteps      | 2940000      |
| train/                  |              |
|    approx_kl            | 0.0056185173 |
|    clip_fraction        | 0.0613       |
|    clip_range           | 0.2          |
|    entropy_loss         | -10.4        |
|    explained_variance   | 0.919        |
|    learning_rate        | 0.0003       |
|    loss                 | 0.00212      |
|    n_updates            | 480          |
|    policy_gradient_loss | -0.00144     |
|    std                  | 0.894        |
|    value_loss           | 1.33e-06     |
------------------------------------------
------------------------------------------
| rollout/                |              |
|    ep_len_mean          | 1e+03        |
|    ep_rew_mean          | 0.000652     |
| time/                   |              |
|    fps                  | 3786         |
|    iterations           | 50           |
|    time_elapsed         | 792          |
|    total_timesteps      | 3000000      |
| train/                  |              |
|    approx_kl            | 0.0062108417 |
|    clip_fraction        | 0.0709       |
|    clip_range           | 0.2          |
|    entropy_loss         | -10.4        |
|    explained_variance   | 0.925        |
|    learning_rate        | 0.0003       |
|    loss                 | -0.000431    |
|    n_updates            | 490          |
|    policy_gradient_loss | -0.00195     |
|    std                  | 0.891        |
|    value_loss           | 2.38e-06     |
------------------------------------------
------------------------------------------
| rollout/                |              |
|    ep_len_mean          | 1e+03        |
|    ep_rew_mean          | 0.000631     |
| time/                   |              |
|    fps                  | 3789         |
|    iterations           | 51           |
|    time_elapsed         | 807          |
|    total_timesteps      | 3060000      |
| train/                  |              |
|    approx_kl            | 0.0066781314 |
|    clip_fraction        | 0.0773       |
|    clip_range           | 0.2          |
|    entropy_loss         | -10.4        |
|    explained_variance   | 0.891        |
|    learning_rate        | 0.0003       |
|    loss                 | -0.0167      |
|    n_updates            | 500          |
|    policy_gradient_loss | -0.0017      |
|    std                  | 0.886        |
|    value_loss           | 1.49e-06     |
------------------------------------------
----------------------------------------
| rollout/                |            |
|    ep_len_mean          | 1e+03      |
|    ep_rew_mean          | 0.0006     |
| time/                   |            |
|    fps                  | 3791       |
|    iterations           | 52         |
|    time_elapsed         | 822        |
|    total_timesteps      | 3120000    |
| train/                  |            |
|    approx_kl            | 0.00734669 |
|    clip_fraction        | 0.0863     |
|    clip_range           | 0.2        |
|    entropy_loss         | -10.3      |
|    explained_variance   | 0.908      |
|    learning_rate        | 0.0003     |
|    loss                 | 0.00921    |
|    n_updates            | 510        |
|    policy_gradient_loss | -0.00219   |
|    std                  | 0.882      |
|    value_loss           | 2.8e-06    |
----------------------------------------
-----------------------------------------
| rollout/                |             |
|    ep_len_mean          | 1e+03       |
|    ep_rew_mean          | 0.000537    |
| time/                   |             |
|    fps                  | 3791        |
|    iterations           | 53          |
|    time_elapsed         | 838         |
|    total_timesteps      | 3180000     |
| train/                  |             |
|    approx_kl            | 0.007650999 |
|    clip_fraction        | 0.0883      |
|    clip_range           | 0.2         |
|    entropy_loss         | -10.3       |
|    explained_variance   | 0.901       |
|    learning_rate        | 0.0003      |
|    loss                 | -0.00848    |
|    n_updates            | 520         |
|    policy_gradient_loss | -0.00206    |
|    std                  | 0.875       |
|    value_loss           | 1.39e-06    |
-----------------------------------------
-----------------------------------------
| rollout/                |             |
|    ep_len_mean          | 1e+03       |
|    ep_rew_mean          | 0.000547    |
| time/                   |             |
|    fps                  | 3785        |
|    iterations           | 54          |
|    time_elapsed         | 855         |
|    total_timesteps      | 3240000     |
| train/                  |             |
|    approx_kl            | 0.006268272 |
|    clip_fraction        | 0.0702      |
|    clip_range           | 0.2         |
|    entropy_loss         | -10.2       |
|    explained_variance   | 0.911       |
|    learning_rate        | 0.0003      |
|    loss                 | -0.00509    |
|    n_updates            | 530         |
|    policy_gradient_loss | -0.00148    |
|    std                  | 0.874       |
|    value_loss           | 3e-06       |
-----------------------------------------
-----------------------------------------
| rollout/                |             |
|    ep_len_mean          | 1e+03       |
|    ep_rew_mean          | 0.000541    |
| time/                   |             |
|    fps                  | 3791        |
|    iterations           | 55          |
|    time_elapsed         | 870         |
|    total_timesteps      | 3300000     |
| train/                  |             |
|    approx_kl            | 0.006745255 |
|    clip_fraction        | 0.0773      |
|    clip_range           | 0.2         |
|    entropy_loss         | -10.2       |
|    explained_variance   | 0.909       |
|    learning_rate        | 0.0003      |
|    loss                 | -1.28e-05   |
|    n_updates            | 540         |
|    policy_gradient_loss | -0.00108    |
|    std                  | 0.871       |
|    value_loss           | 1.12e-06    |
-----------------------------------------
------------------------------------------
| rollout/                |              |
|    ep_len_mean          | 1e+03        |
|    ep_rew_mean          | 0.000528     |
| time/                   |              |
|    fps                  | 3785         |
|    iterations           | 56           |
|    time_elapsed         | 887          |
|    total_timesteps      | 3360000      |
| train/                  |              |
|    approx_kl            | 0.0057970183 |
|    clip_fraction        | 0.0639       |
|    clip_range           | 0.2          |
|    entropy_loss         | -10.2        |
|    explained_variance   | 0.887        |
|    learning_rate        | 0.0003       |
|    loss                 | 0.00212      |
|    n_updates            | 550          |
|    policy_gradient_loss | -0.000575    |
|    std                  | 0.867        |
|    value_loss           | 2.7e-06      |
------------------------------------------
-----------------------------------------
| rollout/                |             |
|    ep_len_mean          | 1e+03       |
|    ep_rew_mean          | 0.000513    |
| time/                   |             |
|    fps                  | 3788        |
|    iterations           | 57          |
|    time_elapsed         | 902         |
|    total_timesteps      | 3420000     |
| train/                  |             |
|    approx_kl            | 0.006136599 |
|    clip_fraction        | 0.0673      |
|    clip_range           | 0.2         |
|    entropy_loss         | -10.1       |
|    explained_variance   | 0.907       |
|    learning_rate        | 0.0003      |
|    loss                 | 0.00994     |
|    n_updates            | 560         |
|    policy_gradient_loss | -0.00113    |
|    std                  | 0.861       |
|    value_loss           | 1.89e-06    |
-----------------------------------------
------------------------------------------
| rollout/                |              |
|    ep_len_mean          | 1e+03        |
|    ep_rew_mean          | 0.000496     |
| time/                   |              |
|    fps                  | 3786         |
|    iterations           | 58           |
|    time_elapsed         | 919          |
|    total_timesteps      | 3480000      |
| train/                  |              |
|    approx_kl            | 0.0069232644 |
|    clip_fraction        | 0.0753       |
|    clip_range           | 0.2          |
|    entropy_loss         | -10.1        |
|    explained_variance   | 0.901        |
|    learning_rate        | 0.0003       |
|    loss                 | 0.00265      |
|    n_updates            | 570          |
|    policy_gradient_loss | -0.0018      |
|    std                  | 0.858        |
|    value_loss           | 7.67e-06     |
------------------------------------------
-----------------------------------------
| rollout/                |             |
|    ep_len_mean          | 1e+03       |
|    ep_rew_mean          | 0.000505    |
| time/                   |             |
|    fps                  | 3783        |
|    iterations           | 59          |
|    time_elapsed         | 935         |
|    total_timesteps      | 3540000     |
| train/                  |             |
|    approx_kl            | 0.005490065 |
|    clip_fraction        | 0.0639      |
|    clip_range           | 0.2         |
|    entropy_loss         | -10.1       |
|    explained_variance   | 0.887       |
|    learning_rate        | 0.0003      |
|    loss                 | 0.00734     |
|    n_updates            | 580         |
|    policy_gradient_loss | -0.000502   |
|    std                  | 0.86        |
|    value_loss           | 1e-07       |
-----------------------------------------
------------------------------------------
| rollout/                |              |
|    ep_len_mean          | 1e+03        |
|    ep_rew_mean          | 0.000493     |
| time/                   |              |
|    fps                  | 3781         |
|    iterations           | 60           |
|    time_elapsed         | 952          |
|    total_timesteps      | 3600000      |
| train/                  |              |
|    approx_kl            | 0.0066733602 |
|    clip_fraction        | 0.077        |
|    clip_range           | 0.2          |
|    entropy_loss         | -10.1        |
|    explained_variance   | 0.866        |
|    learning_rate        | 0.0003       |
|    loss                 | -0.00317     |
|    n_updates            | 590          |
|    policy_gradient_loss | -0.00115     |
|    std                  | 0.859        |
|    value_loss           | 5.63e-06     |
------------------------------------------
-----------------------------------------
| rollout/                |             |
|    ep_len_mean          | 1e+03       |
|    ep_rew_mean          | 0.000524    |
| time/                   |             |
|    fps                  | 3780        |
|    iterations           | 61          |
|    time_elapsed         | 968         |
|    total_timesteps      | 3660000     |
| train/                  |             |
|    approx_kl            | 0.007016771 |
|    clip_fraction        | 0.0771      |
|    clip_range           | 0.2         |
|    entropy_loss         | -10.1       |
|    explained_variance   | 0.902       |
|    learning_rate        | 0.0003      |
|    loss                 | 0.00798     |
|    n_updates            | 600         |
|    policy_gradient_loss | -0.00166    |
|    std                  | 0.856       |
|    value_loss           | 4.91e-08    |
-----------------------------------------
------------------------------------------
| rollout/                |              |
|    ep_len_mean          | 1e+03        |
|    ep_rew_mean          | 0.000547     |
| time/                   |              |
|    fps                  | 3787         |
|    iterations           | 62           |
|    time_elapsed         | 982          |
|    total_timesteps      | 3720000      |
| train/                  |              |
|    approx_kl            | 0.0068887607 |
|    clip_fraction        | 0.0813       |
|    clip_range           | 0.2          |
|    entropy_loss         | -10          |
|    explained_variance   | 0.875        |
|    learning_rate        | 0.0003       |
|    loss                 | -0.008       |
|    n_updates            | 610          |
|    policy_gradient_loss | -0.00175     |
|    std                  | 0.855        |
|    value_loss           | 1.2e-06      |
------------------------------------------
------------------------------------------
| rollout/                |              |
|    ep_len_mean          | 1e+03        |
|    ep_rew_mean          | 0.000566     |
| time/                   |              |
|    fps                  | 3786         |
|    iterations           | 63           |
|    time_elapsed         | 998          |
|    total_timesteps      | 3780000      |
| train/                  |              |
|    approx_kl            | 0.0069743902 |
|    clip_fraction        | 0.0818       |
|    clip_range           | 0.2          |
|    entropy_loss         | -10          |
|    explained_variance   | 0.889        |
|    learning_rate        | 0.0003       |
|    loss                 | -0.00212     |
|    n_updates            | 620          |
|    policy_gradient_loss | -0.00172     |
|    std                  | 0.851        |
|    value_loss           | 1.65e-06     |
------------------------------------------
------------------------------------------
| rollout/                |              |
|    ep_len_mean          | 1e+03        |
|    ep_rew_mean          | 0.000614     |
| time/                   |              |
|    fps                  | 3790         |
|    iterations           | 64           |
|    time_elapsed         | 1013         |
|    total_timesteps      | 3840000      |
| train/                  |              |
|    approx_kl            | 0.0074004293 |
|    clip_fraction        | 0.0907       |
|    clip_range           | 0.2          |
|    entropy_loss         | -9.98        |
|    explained_variance   | 0.862        |
|    learning_rate        | 0.0003       |
|    loss                 | -0.0024      |
|    n_updates            | 630          |
|    policy_gradient_loss | -0.00132     |
|    std                  | 0.851        |
|    value_loss           | 2.15e-06     |
------------------------------------------
------------------------------------------
| rollout/                |              |
|    ep_len_mean          | 1e+03        |
|    ep_rew_mean          | 0.000658     |
| time/                   |              |
|    fps                  | 3793         |
|    iterations           | 65           |
|    time_elapsed         | 1028         |
|    total_timesteps      | 3900000      |
| train/                  |              |
|    approx_kl            | 0.0063856537 |
|    clip_fraction        | 0.0798       |
|    clip_range           | 0.2          |
|    entropy_loss         | -10          |
|    explained_variance   | 0.811        |
|    learning_rate        | 0.0003       |
|    loss                 | -8.57e-05    |
|    n_updates            | 640          |
|    policy_gradient_loss | -0.000254    |
|    std                  | 0.853        |
|    value_loss           | 4.75e-06     |
------------------------------------------
-----------------------------------------
| rollout/                |             |
|    ep_len_mean          | 1e+03       |
|    ep_rew_mean          | 0.000763    |
| time/                   |             |
|    fps                  | 3792        |
|    iterations           | 66          |
|    time_elapsed         | 1044        |
|    total_timesteps      | 3960000     |
| train/                  |             |
|    approx_kl            | 0.007744651 |
|    clip_fraction        | 0.0953      |
|    clip_range           | 0.2         |
|    entropy_loss         | -10         |
|    explained_variance   | 0.863       |
|    learning_rate        | 0.0003      |
|    loss                 | -0.00844    |
|    n_updates            | 650         |
|    policy_gradient_loss | -0.00208    |
|    std                  | 0.855       |
|    value_loss           | 7.04e-08    |
-----------------------------------------
------------------------------------------
| rollout/                |              |
|    ep_len_mean          | 1e+03        |
|    ep_rew_mean          | 0.000738     |
| time/                   |              |
|    fps                  | 3790         |
|    iterations           | 67           |
|    time_elapsed         | 1060         |
|    total_timesteps      | 4020000      |
| train/                  |              |
|    approx_kl            | 0.0066142636 |
|    clip_fraction        | 0.0833       |
|    clip_range           | 0.2          |
|    entropy_loss         | -9.96        |
|    explained_variance   | 0.856        |
|    learning_rate        | 0.0003       |
|    loss                 | 0.00256      |
|    n_updates            | 660          |
|    policy_gradient_loss | -0.00108     |
|    std                  | 0.849        |
|    value_loss           | 2.02e-06     |
------------------------------------------
------------------------------------------
| rollout/                |              |
|    ep_len_mean          | 1e+03        |
|    ep_rew_mean          | 0.000683     |
| time/                   |              |
|    fps                  | 3792         |
|    iterations           | 68           |
|    time_elapsed         | 1075         |
|    total_timesteps      | 4080000      |
| train/                  |              |
|    approx_kl            | 0.0072002085 |
|    clip_fraction        | 0.0841       |
|    clip_range           | 0.2          |
|    entropy_loss         | -9.93        |
|    explained_variance   | 0.874        |
|    learning_rate        | 0.0003       |
|    loss                 | -0.00706     |
|    n_updates            | 670          |
|    policy_gradient_loss | -0.00168     |
|    std                  | 0.845        |
|    value_loss           | 1.66e-06     |
------------------------------------------
------------------------------------------
| rollout/                |              |
|    ep_len_mean          | 1e+03        |
|    ep_rew_mean          | 0.000754     |
| time/                   |              |
|    fps                  | 3798         |
|    iterations           | 69           |
|    time_elapsed         | 1089         |
|    total_timesteps      | 4140000      |
| train/                  |              |
|    approx_kl            | 0.0063962312 |
|    clip_fraction        | 0.0727       |
|    clip_range           | 0.2          |
|    entropy_loss         | -9.93        |
|    explained_variance   | 0.854        |
|    learning_rate        | 0.0003       |
|    loss                 | -0.00275     |
|    n_updates            | 680          |
|    policy_gradient_loss | -0.000863    |
|    std                  | 0.848        |
|    value_loss           | 1.45e-06     |
------------------------------------------
-----------------------------------------
| rollout/                |             |
|    ep_len_mean          | 1e+03       |
|    ep_rew_mean          | 0.000785    |
| time/                   |             |
|    fps                  | 3806        |
|    iterations           | 70          |
|    time_elapsed         | 1103        |
|    total_timesteps      | 4200000     |
| train/                  |             |
|    approx_kl            | 0.008033716 |
|    clip_fraction        | 0.1         |
|    clip_range           | 0.2         |
|    entropy_loss         | -9.9        |
|    explained_variance   | 0.852       |
|    learning_rate        | 0.0003      |
|    loss                 | 0.00313     |
|    n_updates            | 690         |
|    policy_gradient_loss | -0.00159    |
|    std                  | 0.844       |
|    value_loss           | 9.28e-07    |
-----------------------------------------
-----------------------------------------
| rollout/                |             |
|    ep_len_mean          | 1e+03       |
|    ep_rew_mean          | 0.000808    |
| time/                   |             |
|    fps                  | 3812        |
|    iterations           | 71          |
|    time_elapsed         | 1117        |
|    total_timesteps      | 4260000     |
| train/                  |             |
|    approx_kl            | 0.008137346 |
|    clip_fraction        | 0.101       |
|    clip_range           | 0.2         |
|    entropy_loss         | -9.85       |
|    explained_variance   | 0.852       |
|    learning_rate        | 0.0003      |
|    loss                 | 0.0016      |
|    n_updates            | 700         |
|    policy_gradient_loss | -0.00137    |
|    std                  | 0.837       |
|    value_loss           | 6.18e-06    |
-----------------------------------------
-----------------------------------------
| rollout/                |             |
|    ep_len_mean          | 1e+03       |
|    ep_rew_mean          | 0.00081     |
| time/                   |             |
|    fps                  | 3816        |
|    iterations           | 72          |
|    time_elapsed         | 1131        |
|    total_timesteps      | 4320000     |
| train/                  |             |
|    approx_kl            | 0.007289256 |
|    clip_fraction        | 0.0919      |
|    clip_range           | 0.2         |
|    entropy_loss         | -9.79       |
|    explained_variance   | 0.79        |
|    learning_rate        | 0.0003      |
|    loss                 | 0.000252    |
|    n_updates            | 710         |
|    policy_gradient_loss | -0.000729   |
|    std                  | 0.832       |
|    value_loss           | 4.6e-07     |
-----------------------------------------
-----------------------------------------
| rollout/                |             |
|    ep_len_mean          | 1e+03       |
|    ep_rew_mean          | 0.000811    |
| time/                   |             |
|    fps                  | 3823        |
|    iterations           | 73          |
|    time_elapsed         | 1145        |
|    total_timesteps      | 4380000     |
| train/                  |             |
|    approx_kl            | 0.007322194 |
|    clip_fraction        | 0.089       |
|    clip_range           | 0.2         |
|    entropy_loss         | -9.73       |
|    explained_variance   | 0.833       |
|    learning_rate        | 0.0003      |
|    loss                 | -0.00293    |
|    n_updates            | 720         |
|    policy_gradient_loss | -0.00143    |
|    std                  | 0.826       |
|    value_loss           | 3.27e-06    |
-----------------------------------------
-----------------------------------------
| rollout/                |             |
|    ep_len_mean          | 1e+03       |
|    ep_rew_mean          | 0.000833    |
| time/                   |             |
|    fps                  | 3830        |
|    iterations           | 74          |
|    time_elapsed         | 1159        |
|    total_timesteps      | 4440000     |
| train/                  |             |
|    approx_kl            | 0.007816446 |
|    clip_fraction        | 0.0959      |
|    clip_range           | 0.2         |
|    entropy_loss         | -9.68       |
|    explained_variance   | 0.858       |
|    learning_rate        | 0.0003      |
|    loss                 | -0.00643    |
|    n_updates            | 730         |
|    policy_gradient_loss | -0.00149    |
|    std                  | 0.822       |
|    value_loss           | 1.09e-07    |
-----------------------------------------
-----------------------------------------
| rollout/                |             |
|    ep_len_mean          | 1e+03       |
|    ep_rew_mean          | 0.000811    |
| time/                   |             |
|    fps                  | 3828        |
|    iterations           | 75          |
|    time_elapsed         | 1175        |
|    total_timesteps      | 4500000     |
| train/                  |             |
|    approx_kl            | 0.006892404 |
|    clip_fraction        | 0.0877      |
|    clip_range           | 0.2         |
|    entropy_loss         | -9.63       |
|    explained_variance   | 0.837       |
|    learning_rate        | 0.0003      |
|    loss                 | -0.00849    |
|    n_updates            | 740         |
|    policy_gradient_loss | -0.00149    |
|    std                  | 0.817       |
|    value_loss           | 1.4e-06     |
-----------------------------------------
